<?xml version="1.0" encoding="UTF-8"?>
<testsuite xmlns:xsi="http://www.w3.org/2001/XMLSchema-instance" xsi:noNamespaceSchemaLocation="https://maven.apache.org/surefire/maven-surefire-plugin/xsd/surefire-test-report-3.0.xsd" version="3.0" name="org.apache.commons.cli.bug.BugCLI162Test" time="0.001" tests="4" errors="1" skipped="0" failures="0">
  <properties>
    <property name="gopherProxySet" value="false"/>
    <property name="awt.toolkit" value="sun.lwawt.macosx.LWCToolkit"/>
    <property name="file.encoding.pkg" value="sun.io"/>
    <property name="java.specification.version" value="1.8"/>
    <property name="sun.cpu.isalist" value=""/>
    <property name="sun.jnu.encoding" value="UTF-8"/>
    <property name="java.class.path" value="/Users/sanjitkumar/personal_projects/CollegeIllinois/SoftwareEngineeringPrinciples/milestone4/milestone-4-new/Cli_24/target/test-classes:/Users/sanjitkumar/personal_projects/CollegeIllinois/SoftwareEngineeringPrinciples/milestone4/milestone-4-new/Cli_24/target/classes:/Users/sanjitkumar/.m2/repository/junit/junit/3.8.1/junit-3.8.1.jar:/Users/sanjitkumar/.m2/repository/org/openclover/clover/4.5.2/clover-4.5.2.jar:/var/folders/q_/q9vzn1hs6pqdw0s9wlgsgybw0000gn/T/grover3632708197359242130.jar:"/>
    <property name="java.vm.vendor" value="Oracle Corporation"/>
    <property name="sun.arch.data.model" value="64"/>
    <property name="java.vendor.url" value="http://java.oracle.com/"/>
    <property name="user.timezone" value=""/>
    <property name="java.vm.specification.version" value="1.8"/>
    <property name="os.name" value="Mac OS X"/>
    <property name="user.country" value="US"/>
    <property name="sun.java.launcher" value="SUN_STANDARD"/>
    <property name="sun.boot.library.path" value="/Library/Java/JavaVirtualMachines/jdk1.8.0_181.jdk/Contents/Home/jre/lib"/>
    <property name="sun.java.command" value="/Users/sanjitkumar/personal_projects/CollegeIllinois/SoftwareEngineeringPrinciples/milestone4/milestone-4-new/Cli_24/target/surefire/surefirebooter-20240430185151545_3.jar /Users/sanjitkumar/personal_projects/CollegeIllinois/SoftwareEngineeringPrinciples/milestone4/milestone-4-new/Cli_24/target/surefire 2024-04-30T18-51-51_335-jvmRun1 surefire-20240430185151545_1tmp surefire_0-20240430185151545_2tmp"/>
    <property name="http.nonProxyHosts" value="local|*.local|169.254/16|*.169.254/16"/>
    <property name="surefire.test.class.path" value="/Users/sanjitkumar/personal_projects/CollegeIllinois/SoftwareEngineeringPrinciples/milestone4/milestone-4-new/Cli_24/target/test-classes:/Users/sanjitkumar/personal_projects/CollegeIllinois/SoftwareEngineeringPrinciples/milestone4/milestone-4-new/Cli_24/target/classes:/Users/sanjitkumar/.m2/repository/junit/junit/3.8.1/junit-3.8.1.jar:/Users/sanjitkumar/.m2/repository/org/openclover/clover/4.5.2/clover-4.5.2.jar:/var/folders/q_/q9vzn1hs6pqdw0s9wlgsgybw0000gn/T/grover3632708197359242130.jar:"/>
    <property name="sun.cpu.endian" value="little"/>
    <property name="user.home" value="/Users/sanjitkumar"/>
    <property name="user.language" value="en"/>
    <property name="java.specification.vendor" value="Oracle Corporation"/>
    <property name="java.home" value="/Library/Java/JavaVirtualMachines/jdk1.8.0_181.jdk/Contents/Home/jre"/>
    <property name="basedir" value="/Users/sanjitkumar/personal_projects/CollegeIllinois/SoftwareEngineeringPrinciples/milestone4/milestone-4-new/Cli_24"/>
    <property name="file.separator" value="/"/>
    <property name="checkstyle.skip" value="trueÂ --fail-never"/>
    <property name="line.separator" value="&#10;"/>
    <property name="java.vm.specification.vendor" value="Oracle Corporation"/>
    <property name="java.specification.name" value="Java Platform API Specification"/>
    <property name="java.awt.graphicsenv" value="sun.awt.CGraphicsEnvironment"/>
    <property name="surefire.real.class.path" value="/Users/sanjitkumar/personal_projects/CollegeIllinois/SoftwareEngineeringPrinciples/milestone4/milestone-4-new/Cli_24/target/surefire/surefirebooter-20240430185151545_3.jar"/>
    <property name="sun.boot.class.path" value="/Library/Java/JavaVirtualMachines/jdk1.8.0_181.jdk/Contents/Home/jre/lib/resources.jar:/Library/Java/JavaVirtualMachines/jdk1.8.0_181.jdk/Contents/Home/jre/lib/rt.jar:/Library/Java/JavaVirtualMachines/jdk1.8.0_181.jdk/Contents/Home/jre/lib/sunrsasign.jar:/Library/Java/JavaVirtualMachines/jdk1.8.0_181.jdk/Contents/Home/jre/lib/jsse.jar:/Library/Java/JavaVirtualMachines/jdk1.8.0_181.jdk/Contents/Home/jre/lib/jce.jar:/Library/Java/JavaVirtualMachines/jdk1.8.0_181.jdk/Contents/Home/jre/lib/charsets.jar:/Library/Java/JavaVirtualMachines/jdk1.8.0_181.jdk/Contents/Home/jre/lib/jfr.jar:/Library/Java/JavaVirtualMachines/jdk1.8.0_181.jdk/Contents/Home/jre/classes"/>
    <property name="sun.management.compiler" value="HotSpot 64-Bit Tiered Compilers"/>
    <property name="ftp.nonProxyHosts" value="local|*.local|169.254/16|*.169.254/16"/>
    <property name="java.runtime.version" value="1.8.0_181-b13"/>
    <property name="user.name" value="sanjitkumar"/>
    <property name="path.separator" value=":"/>
    <property name="os.version" value="10.16"/>
    <property name="java.endorsed.dirs" value="/Library/Java/JavaVirtualMachines/jdk1.8.0_181.jdk/Contents/Home/jre/lib/endorsed"/>
    <property name="java.runtime.name" value="Java(TM) SE Runtime Environment"/>
    <property name="file.encoding" value="UTF-8"/>
    <property name="java.vm.name" value="Java HotSpot(TM) 64-Bit Server VM"/>
    <property name="localRepository" value="/Users/sanjitkumar/.m2/repository"/>
    <property name="java.vendor.url.bug" value="http://bugreport.sun.com/bugreport/"/>
    <property name="java.io.tmpdir" value="/var/folders/q_/q9vzn1hs6pqdw0s9wlgsgybw0000gn/T/"/>
    <property name="java.version" value="1.8.0_181"/>
    <property name="user.dir" value="/Users/sanjitkumar/personal_projects/CollegeIllinois/SoftwareEngineeringPrinciples/milestone4/milestone-4-new/Cli_24"/>
    <property name="os.arch" value="x86_64"/>
    <property name="java.vm.specification.name" value="Java Virtual Machine Specification"/>
    <property name="java.awt.printerjob" value="sun.lwawt.macosx.CPrinterJob"/>
    <property name="sun.os.patch.level" value="unknown"/>
    <property name="java.library.path" value="/Users/sanjitkumar/Library/Java/Extensions:/Library/Java/Extensions:/Network/Library/Java/Extensions:/System/Library/Java/Extensions:/usr/lib/java:."/>
    <property name="java.vm.info" value="mixed mode"/>
    <property name="java.vendor" value="Oracle Corporation"/>
    <property name="java.vm.version" value="25.181-b13"/>
    <property name="java.ext.dirs" value="/Users/sanjitkumar/Library/Java/Extensions:/Library/Java/JavaVirtualMachines/jdk1.8.0_181.jdk/Contents/Home/jre/lib/ext:/Library/Java/Extensions:/Network/Library/Java/Extensions:/System/Library/Java/Extensions:/usr/lib/java"/>
    <property name="sun.io.unicode.encoding" value="UnicodeBig"/>
    <property name="java.class.version" value="52.0"/>
    <property name="socksNonProxyHosts" value="local|*.local|169.254/16|*.169.254/16"/>
  </properties>
  <testcase name="testLongLineChunkingIndentIgnored" classname="org.apache.commons.cli.bug.BugCLI162Test" time="0">
    <error message="Total width is less than the width of the argument and indent - no room for the description" type="java.lang.IllegalStateException"><![CDATA[java.lang.IllegalStateException: Total width is less than the width of the argument and indent - no room for the description
	at org.apache.commons.cli.HelpFormatter.renderWrappedText(HelpFormatter.java:825)
	at org.apache.commons.cli.HelpFormatter.renderOptions(HelpFormatter.java:787)
	at org.apache.commons.cli.HelpFormatter.printOptions(HelpFormatter.java:666)
	at org.apache.commons.cli.HelpFormatter.printHelp(HelpFormatter.java:489)
	at org.apache.commons.cli.HelpFormatter.printHelp(HelpFormatter.java:443)
	at org.apache.commons.cli.bug.BugCLI162Test.__CLR4_5_2abbwqe26g(BugCLI162Test.java:269)
	at org.apache.commons.cli.bug.BugCLI162Test.testLongLineChunkingIndentIgnored(BugCLI162Test.java:264)
	at sun.reflect.NativeMethodAccessorImpl.invoke0(Native Method)
	at sun.reflect.NativeMethodAccessorImpl.invoke(NativeMethodAccessorImpl.java:62)
	at sun.reflect.DelegatingMethodAccessorImpl.invoke(DelegatingMethodAccessorImpl.java:43)
	at java.lang.reflect.Method.invoke(Method.java:498)
	at junit.framework.TestCase.runTest(TestCase.java:154)
	at junit.framework.TestCase.runBare(TestCase.java:127)
	at junit.framework.TestResult$1.protect(TestResult.java:106)
	at junit.framework.TestResult.runProtected(TestResult.java:124)
	at junit.framework.TestResult.run(TestResult.java:109)
	at junit.framework.TestCase.run(TestCase.java:118)
	at junit.framework.TestSuite.runTest(TestSuite.java:208)
	at junit.framework.TestSuite.run(TestSuite.java:203)
	at sun.reflect.NativeMethodAccessorImpl.invoke0(Native Method)
	at sun.reflect.NativeMethodAccessorImpl.invoke(NativeMethodAccessorImpl.java:62)
	at sun.reflect.DelegatingMethodAccessorImpl.invoke(DelegatingMethodAccessorImpl.java:43)
	at java.lang.reflect.Method.invoke(Method.java:498)
	at org.apache.maven.surefire.junit.JUnitTestSetExecutor.execute(JUnitTestSetExecutor.java:81)
	at org.apache.maven.surefire.junit.JUnit3Provider.executeTestSet(JUnit3Provider.java:131)
	at org.apache.maven.surefire.junit.JUnit3Provider.invoke(JUnit3Provider.java:93)
	at org.apache.maven.surefire.booter.ForkedBooter.runSuitesInProcess(ForkedBooter.java:385)
	at org.apache.maven.surefire.booter.ForkedBooter.execute(ForkedBooter.java:162)
	at org.apache.maven.surefire.booter.ForkedBooter.run(ForkedBooter.java:507)
	at org.apache.maven.surefire.booter.ForkedBooter.main(ForkedBooter.java:495)
]]></error>
  </testcase>
  <testcase name="testInfiniteLoop" classname="org.apache.commons.cli.bug.BugCLI162Test" time="0.001">
    <system-out><![CDATA[usage: app
 -h,--help   This is
             a
             looooon
             g
             descrip
             tion
]]></system-out>
  </testcase>
  <testcase name="testPrintHelpLongLines" classname="org.apache.commons.cli.bug.BugCLI162Test" time="0">
    <system-out><![CDATA[usage: org.apache.commons.cli.bug.BugCLI162Test
 -2,--jdbc2sfmd <arg>        Converts the JDBC file in the first argument
                             to an SMFD file specified in the second
                             argument.
 -a,--paramNames <arg>       Parameter XML names; default names are
                             param1, param2, etc. Example: -a "pname1
                             pname2"
 -b,--jdbc <arg>             Writes a JDBC binding node file for the given
                             SQL
 -c,--url <arg>              Connection URL
 -d,--driver <arg>           JDBC driver class name
 -e,--description <arg>      SFMD description. A default description is
                             used if omited. Example: -e "Runs such and
                             such"
 -f,--sfmd <arg>             Writes a SFMD file for the given SQL
 -g,--printTiming            Prints timing information
 -h,--help                   Prints help and quits
 -i,--interactive            Runs in interactive mode, reading and writing
                             from the console, 'go' or '/' sends a
                             statement
 -j,--node <arg>             Writes a JDBC node file for the given SQL
                             (internal debugging)
 -l,--columnNames <arg>      Column XML names; default names column
                             labels. Example: -l "cname1 cname2"
 -m,--printMetaData          Prints metadata information
 -n,--info                   Prints driver information and properties. If
                             -c is not specified, all drivers on the
                             classpath are displayed.
 -o,--paramModes <arg>       Parameters modes (1=IN, 2=INOUT, 4=OUT,
                             0=Unknown). -o and -O are mutually exclusive.
                             Example for 2 parameters, OUT and IN: -o "4
                             1"
 -O,--paramModeNames <arg>   Parameters mode names (IN, INOUT, OUT,
                             Unknown). -o and -O are mutually exclusive.
                             Example for 2 parameters, OUT and IN: -O "OUT
                             IN"
 -p,--password <arg>         The database password for the user specified
                             with the -u option. You can obfuscate the
                             password with
                             org.mortbay.jetty.security.Password, see
                             http://docs.codehaus.org/display/JETTY/Securi
                             ng+Passwords
 -s,--sql <arg>              Runs SQL or {call stored_procedure(?, ?)} or
                             {?=call function(?, ?)}
 -t,--printStack             Prints stack traces on errors
    --trim <arg>             Trims leading and trailing spaces from all
                             column values. Column XML names can be
                             optionally specified to set which columns to
                             trim.
 -u,--user <arg>             A database user name
 -w,--outfile <arg>          Writes the SQL output to the given file
 -y,--paramTypes <arg>       Parameter types from java.sql.Types. -y and
                             -Y are mutually exclusive. Example: -y "-10
                             12"
 -Y,--paramTypeNames <arg>   Parameter java.sql.Types names. -y and -Y are
                             mutually exclusive. Example: -Y "CURSOR
                             VARCHAR"
]]></system-out>
  </testcase>
  <testcase name="testLongLineChunking" classname="org.apache.commons.cli.bug.BugCLI162Test" time="0"/>
</testsuite>