<?xml version="1.0" encoding="UTF-8"?>
<testsuite name="testutil.OfflineCheckerTest" tests="1" skipped="0" failures="0" errors="0" timestamp="2024-04-03T02:36:00" hostname="wirelessprv-10-195-155-5.near.illinois.edu" time="0.129">
  <properties/>
  <testcase name="knows when is offline" classname="testutil.OfflineCheckerTest" time="0.129"/>
  <system-out><![CDATA[]]></system-out>
  <system-err><![CDATA[]]></system-err>
</testsuite>
