<?xml version="1.0" encoding="UTF-8"?>
<testsuite name="org.mockito.release.comparison.PomComparatorTest" tests="2" skipped="0" failures="0" errors="0" timestamp="2024-03-04T00:02:52" hostname="wirelessprv-10-195-155-5.near.illinois.edu" time="0.042">
  <properties/>
  <testcase name="compares poms" classname="org.mockito.release.comparison.PomComparatorTest" time="0.031"/>
  <testcase name="does not allow null content" classname="org.mockito.release.comparison.PomComparatorTest" time="0.009"/>
  <system-out><![CDATA[]]></system-out>
  <system-err><![CDATA[]]></system-err>
</testsuite>
