<?xml version="1.0" encoding="UTF-8" ?>
<testsuite tests="15" failures="0" name="org.apache.commons.cli.BugsTest" time="0.012" errors="0" skipped="0">
  <properties>
    <property name="java.runtime.name" value="Java(TM) SE Runtime Environment"/>
    <property name="sun.boot.library.path" value="/Library/Java/JavaVirtualMachines/jdk1.8.0_181.jdk/Contents/Home/jre/lib"/>
    <property name="java.vm.version" value="25.181-b13"/>
    <property name="gopherProxySet" value="false"/>
    <property name="java.vm.vendor" value="Oracle Corporation"/>
    <property name="java.vendor.url" value="http://java.oracle.com/"/>
    <property name="path.separator" value=":"/>
    <property name="java.vm.name" value="Java HotSpot(TM) 64-Bit Server VM"/>
    <property name="file.encoding.pkg" value="sun.io"/>
    <property name="user.country" value="US"/>
    <property name="sun.java.launcher" value="SUN_STANDARD"/>
    <property name="sun.os.patch.level" value="unknown"/>
    <property name="java.vm.specification.name" value="Java Virtual Machine Specification"/>
    <property name="user.dir" value="/Users/sanjitkumar/personal_projects/CollegeIllinois/SoftwareEngineeringPrinciples/milestone3/project_repo/defects4j/Cli_18/Buggy-Version"/>
    <property name="java.runtime.version" value="1.8.0_181-b13"/>
    <property name="java.awt.graphicsenv" value="sun.awt.CGraphicsEnvironment"/>
    <property name="basedir" value="/Users/sanjitkumar/personal_projects/CollegeIllinois/SoftwareEngineeringPrinciples/milestone3/project_repo/defects4j/Cli_18/Buggy-Version"/>
    <property name="java.endorsed.dirs" value="/Library/Java/JavaVirtualMachines/jdk1.8.0_181.jdk/Contents/Home/jre/lib/endorsed"/>
    <property name="os.arch" value="x86_64"/>
    <property name="surefire.real.class.path" value="/var/folders/q_/q9vzn1hs6pqdw0s9wlgsgybw0000gn/T/surefirebooter5777046339292495728.jar"/>
    <property name="java.io.tmpdir" value="/var/folders/q_/q9vzn1hs6pqdw0s9wlgsgybw0000gn/T/"/>
    <property name="line.separator" value="
"/>
    <property name="java.vm.specification.vendor" value="Oracle Corporation"/>
    <property name="os.name" value="Mac OS X"/>
    <property name="sun.jnu.encoding" value="UTF-8"/>
    <property name="java.library.path" value="/Users/sanjitkumar/Library/Java/Extensions:/Library/Java/Extensions:/Network/Library/Java/Extensions:/System/Library/Java/Extensions:/usr/lib/java:."/>
    <property name="surefire.test.class.path" value="/Users/sanjitkumar/personal_projects/CollegeIllinois/SoftwareEngineeringPrinciples/milestone3/project_repo/defects4j/Cli_18/Buggy-Version/target/test-classes:/Users/sanjitkumar/personal_projects/CollegeIllinois/SoftwareEngineeringPrinciples/milestone3/project_repo/defects4j/Cli_18/Buggy-Version/target/classes:/Users/sanjitkumar/.m2/repository/junit/junit/3.8.1/junit-3.8.1.jar:"/>
    <property name="java.specification.name" value="Java Platform API Specification"/>
    <property name="java.class.version" value="52.0"/>
    <property name="sun.management.compiler" value="HotSpot 64-Bit Tiered Compilers"/>
    <property name="os.version" value="10.16"/>
    <property name="http.nonProxyHosts" value="local|*.local|169.254/16|*.169.254/16"/>
    <property name="user.home" value="/Users/sanjitkumar"/>
    <property name="user.timezone" value=""/>
    <property name="java.awt.printerjob" value="sun.lwawt.macosx.CPrinterJob"/>
    <property name="java.specification.version" value="1.8"/>
    <property name="file.encoding" value="UTF-8"/>
    <property name="user.name" value="sanjitkumar"/>
    <property name="java.class.path" value="/Users/sanjitkumar/personal_projects/CollegeIllinois/SoftwareEngineeringPrinciples/milestone3/project_repo/defects4j/Cli_18/Buggy-Version/target/test-classes:/Users/sanjitkumar/personal_projects/CollegeIllinois/SoftwareEngineeringPrinciples/milestone3/project_repo/defects4j/Cli_18/Buggy-Version/target/classes:/Users/sanjitkumar/.m2/repository/junit/junit/3.8.1/junit-3.8.1.jar:"/>
    <property name="java.vm.specification.version" value="1.8"/>
    <property name="sun.arch.data.model" value="64"/>
    <property name="java.home" value="/Library/Java/JavaVirtualMachines/jdk1.8.0_181.jdk/Contents/Home/jre"/>
    <property name="sun.java.command" value="/var/folders/q_/q9vzn1hs6pqdw0s9wlgsgybw0000gn/T/surefirebooter5777046339292495728.jar /var/folders/q_/q9vzn1hs6pqdw0s9wlgsgybw0000gn/T/surefire250445444252944878tmp /var/folders/q_/q9vzn1hs6pqdw0s9wlgsgybw0000gn/T/surefire7206991525000108373tmp"/>
    <property name="java.specification.vendor" value="Oracle Corporation"/>
    <property name="user.language" value="en"/>
    <property name="awt.toolkit" value="sun.lwawt.macosx.LWCToolkit"/>
    <property name="java.vm.info" value="mixed mode"/>
    <property name="java.version" value="1.8.0_181"/>
    <property name="java.ext.dirs" value="/Users/sanjitkumar/Library/Java/Extensions:/Library/Java/JavaVirtualMachines/jdk1.8.0_181.jdk/Contents/Home/jre/lib/ext:/Library/Java/Extensions:/Network/Library/Java/Extensions:/System/Library/Java/Extensions:/usr/lib/java"/>
    <property name="sun.boot.class.path" value="/Library/Java/JavaVirtualMachines/jdk1.8.0_181.jdk/Contents/Home/jre/lib/resources.jar:/Library/Java/JavaVirtualMachines/jdk1.8.0_181.jdk/Contents/Home/jre/lib/rt.jar:/Library/Java/JavaVirtualMachines/jdk1.8.0_181.jdk/Contents/Home/jre/lib/sunrsasign.jar:/Library/Java/JavaVirtualMachines/jdk1.8.0_181.jdk/Contents/Home/jre/lib/jsse.jar:/Library/Java/JavaVirtualMachines/jdk1.8.0_181.jdk/Contents/Home/jre/lib/jce.jar:/Library/Java/JavaVirtualMachines/jdk1.8.0_181.jdk/Contents/Home/jre/lib/charsets.jar:/Library/Java/JavaVirtualMachines/jdk1.8.0_181.jdk/Contents/Home/jre/lib/jfr.jar:/Library/Java/JavaVirtualMachines/jdk1.8.0_181.jdk/Contents/Home/jre/classes"/>
    <property name="java.vendor" value="Oracle Corporation"/>
    <property name="localRepository" value="/Users/sanjitkumar/.m2/repository"/>
    <property name="file.separator" value="/"/>
    <property name="java.vendor.url.bug" value="http://bugreport.sun.com/bugreport/"/>
    <property name="sun.cpu.endian" value="little"/>
    <property name="sun.io.unicode.encoding" value="UnicodeBig"/>
    <property name="socksNonProxyHosts" value="local|*.local|169.254/16|*.169.254/16"/>
    <property name="ftp.nonProxyHosts" value="local|*.local|169.254/16|*.169.254/16"/>
    <property name="sun.cpu.isalist" value=""/>
  </properties>
  <testcase classname="org.apache.commons.cli.BugsTest" name="test11457" time="0.001"/>
  <testcase classname="org.apache.commons.cli.BugsTest" name="test11458" time="0.001"/>
  <testcase classname="org.apache.commons.cli.BugsTest" name="test11680" time="0"/>
  <testcase classname="org.apache.commons.cli.BugsTest" name="test11456" time="0.001"/>
  <testcase classname="org.apache.commons.cli.BugsTest" name="test12210" time="0.001"/>
  <testcase classname="org.apache.commons.cli.BugsTest" name="test13666" time="0.002"/>
  <testcase classname="org.apache.commons.cli.BugsTest" name="test13425" time="0.001"/>
  <testcase classname="org.apache.commons.cli.BugsTest" name="test13935" time="0"/>
  <testcase classname="org.apache.commons.cli.BugsTest" name="test14786" time="0"/>
  <testcase classname="org.apache.commons.cli.BugsTest" name="test15046" time="0"/>
  <testcase classname="org.apache.commons.cli.BugsTest" name="test15648" time="0.001"/>
  <testcase classname="org.apache.commons.cli.BugsTest" name="test27635" time="0"/>
  <testcase classname="org.apache.commons.cli.BugsTest" name="test31148" time="0.001"/>
  <testcase classname="org.apache.commons.cli.BugsTest" name="test21215" time="0"/>
  <testcase classname="org.apache.commons.cli.BugsTest" name="test19383" time="0"/>
</testsuite>