<?xml version="1.0" encoding="UTF-8"?>
<testsuite name="org.mockito.release.notes.util.IOUtilTest" tests="2" skipped="0" failures="0" errors="0" timestamp="2024-03-04T00:02:51" hostname="wirelessprv-10-195-155-5.near.illinois.edu" time="0.043">
  <properties/>
  <testcase name="reads stream" classname="org.mockito.release.notes.util.IOUtilTest" time="0.04"/>
  <testcase name="closes streams" classname="org.mockito.release.notes.util.IOUtilTest" time="0.003"/>
  <system-out><![CDATA[]]></system-out>
  <system-err><![CDATA[]]></system-err>
</testsuite>
