<?xml version="1.0" encoding="UTF-8"?>
<testsuite name="org.mockito.release.comparison.ZipCompareTest" tests="2" skipped="0" failures="0" errors="0" timestamp="2024-03-04T00:02:52" hostname="wirelessprv-10-195-155-5.near.illinois.edu" time="0.161">
  <properties/>
  <testcase name="compares zips" classname="org.mockito.release.comparison.ZipCompareTest" time="0.155"/>
  <testcase name="fails early when any of the zips cannot be opened" classname="org.mockito.release.comparison.ZipCompareTest" time="0.005"/>
  <system-out><![CDATA[16:02:52.532 [Test worker] INFO  o.m.release.comparison.ZipCompare - Comparing /var/folders/q_/q9vzn1hs6pqdw0s9wlgsgybw0000gn/T/junit2584787514120840635/junit936812616803133843/zip-1.zip with /var/folders/q_/q9vzn1hs6pqdw0s9wlgsgybw0000gn/T/junit2584787514120840635/junit936812616803133843/zip-2.zip
16:02:52.534 [Test worker] INFO  o.m.release.comparison.ZipCompare - 4 entries matched
16:02:52.535 [Test worker] INFO  o.m.release.comparison.ZipCompare - Comparing /var/folders/q_/q9vzn1hs6pqdw0s9wlgsgybw0000gn/T/junit2584787514120840635/junit936812616803133843/zip-2.zip with /var/folders/q_/q9vzn1hs6pqdw0s9wlgsgybw0000gn/T/junit2584787514120840635/junit936812616803133843/zip-1.zip
16:02:52.535 [Test worker] INFO  o.m.release.comparison.ZipCompare - 4 entries matched
16:02:52.535 [Test worker] INFO  o.m.release.comparison.ZipCompare - Comparing /var/folders/q_/q9vzn1hs6pqdw0s9wlgsgybw0000gn/T/junit2584787514120840635/junit936812616803133843/zip-6.zip with /var/folders/q_/q9vzn1hs6pqdw0s9wlgsgybw0000gn/T/junit2584787514120840635/junit936812616803133843/zip-7.zip
16:02:52.535 [Test worker] INFO  o.m.release.comparison.ZipCompare - 0 entries matched
16:02:52.535 [Test worker] INFO  o.m.release.comparison.ZipCompare - Comparing /var/folders/q_/q9vzn1hs6pqdw0s9wlgsgybw0000gn/T/junit2584787514120840635/junit936812616803133843/zip-7.zip with /var/folders/q_/q9vzn1hs6pqdw0s9wlgsgybw0000gn/T/junit2584787514120840635/junit936812616803133843/zip-6.zip
16:02:52.535 [Test worker] INFO  o.m.release.comparison.ZipCompare - 0 entries matched
16:02:52.536 [Test worker] INFO  o.m.release.comparison.ZipCompare - Comparing /var/folders/q_/q9vzn1hs6pqdw0s9wlgsgybw0000gn/T/junit2584787514120840635/junit936812616803133843/zip-1.zip with /var/folders/q_/q9vzn1hs6pqdw0s9wlgsgybw0000gn/T/junit2584787514120840635/junit936812616803133843/zip-3.zip
16:02:52.536 [Test worker] INFO  o.m.release.comparison.ZipCompare - x/y/4.txt does not match
16:02:52.537 [Test worker] INFO  o.m.release.comparison.ZipCompare - 3 entries matched
16:02:52.537 [Test worker] INFO  o.m.release.comparison.ZipCompare - 1 entries did not match
16:02:52.538 [Test worker] INFO  o.m.release.comparison.ZipCompare - Comparing /var/folders/q_/q9vzn1hs6pqdw0s9wlgsgybw0000gn/T/junit2584787514120840635/junit936812616803133843/zip-1.zip with /var/folders/q_/q9vzn1hs6pqdw0s9wlgsgybw0000gn/T/junit2584787514120840635/junit936812616803133843/zip-4.zip
16:02:52.538 [Test worker] INFO  o.m.release.comparison.ZipCompare - x/y/4.txt not found in /var/folders/q_/q9vzn1hs6pqdw0s9wlgsgybw0000gn/T/junit2584787514120840635/junit936812616803133843/zip-4.zip
16:02:52.538 [Test worker] INFO  o.m.release.comparison.ZipCompare - 3 entries matched
16:02:52.538 [Test worker] INFO  o.m.release.comparison.ZipCompare - 1 entries did not match
16:02:52.538 [Test worker] INFO  o.m.release.comparison.ZipCompare - Comparing /var/folders/q_/q9vzn1hs6pqdw0s9wlgsgybw0000gn/T/junit2584787514120840635/junit936812616803133843/zip-1.zip with /var/folders/q_/q9vzn1hs6pqdw0s9wlgsgybw0000gn/T/junit2584787514120840635/junit936812616803133843/zip-5.zip
16:02:52.538 [Test worker] INFO  o.m.release.comparison.ZipCompare - x.txt not found in /var/folders/q_/q9vzn1hs6pqdw0s9wlgsgybw0000gn/T/junit2584787514120840635/junit936812616803133843/zip-1.zip
16:02:52.538 [Test worker] INFO  o.m.release.comparison.ZipCompare - 4 entries matched
16:02:52.538 [Test worker] INFO  o.m.release.comparison.ZipCompare - 1 entries did not match
16:02:52.539 [Test worker] INFO  o.m.release.comparison.ZipCompare - Comparing /var/folders/q_/q9vzn1hs6pqdw0s9wlgsgybw0000gn/T/junit2584787514120840635/junit936812616803133843/zip-1.zip with /var/folders/q_/q9vzn1hs6pqdw0s9wlgsgybw0000gn/T/junit2584787514120840635/junit936812616803133843/zip-6.zip
16:02:52.539 [Test worker] INFO  o.m.release.comparison.ZipCompare - 1.txt not found in /var/folders/q_/q9vzn1hs6pqdw0s9wlgsgybw0000gn/T/junit2584787514120840635/junit936812616803133843/zip-6.zip
16:02:52.539 [Test worker] INFO  o.m.release.comparison.ZipCompare - x/2.txt not found in /var/folders/q_/q9vzn1hs6pqdw0s9wlgsgybw0000gn/T/junit2584787514120840635/junit936812616803133843/zip-6.zip
16:02:52.540 [Test worker] INFO  o.m.release.comparison.ZipCompare - x/y/3.txt not found in /var/folders/q_/q9vzn1hs6pqdw0s9wlgsgybw0000gn/T/junit2584787514120840635/junit936812616803133843/zip-6.zip
16:02:52.540 [Test worker] INFO  o.m.release.comparison.ZipCompare - x/y/4.txt not found in /var/folders/q_/q9vzn1hs6pqdw0s9wlgsgybw0000gn/T/junit2584787514120840635/junit936812616803133843/zip-6.zip
16:02:52.540 [Test worker] INFO  o.m.release.comparison.ZipCompare - 0 entries matched
16:02:52.540 [Test worker] INFO  o.m.release.comparison.ZipCompare - 4 entries did not match
]]></system-out>
  <system-err><![CDATA[]]></system-err>
</testsuite>
