<?xml version="1.0" encoding="UTF-8"?>
<testsuite name="org.mockito.release.git.DefaultGitToolTest" tests="1" skipped="0" failures="0" errors="0" timestamp="2024-03-04T00:02:52" hostname="wirelessprv-10-195-155-5.near.illinois.edu" time="0.024">
  <properties/>
  <testcase name="sets author" classname="org.mockito.release.git.DefaultGitToolTest" time="0.024"/>
  <system-out><![CDATA[]]></system-out>
  <system-err><![CDATA[]]></system-err>
</testsuite>
