<?xml version="1.0" encoding="UTF-8"?>
<testsuite xmlns:xsi="http://www.w3.org/2001/XMLSchema-instance" xsi:noNamespaceSchemaLocation="https://maven.apache.org/surefire/maven-surefire-plugin/xsd/surefire-test-report-3.0.xsd" version="3.0" name="org.apache.commons.cli.ValueTest" time="0.039" tests="16" errors="0" skipped="0" failures="1">
  <properties>
    <property name="gopherProxySet" value="false"/>
    <property name="awt.toolkit" value="sun.lwawt.macosx.LWCToolkit"/>
    <property name="file.encoding.pkg" value="sun.io"/>
    <property name="java.specification.version" value="1.8"/>
    <property name="sun.cpu.isalist" value=""/>
    <property name="sun.jnu.encoding" value="UTF-8"/>
    <property name="java.class.path" value="/Users/sanjitkumar/personal_projects/CollegeIllinois/SoftwareEngineeringPrinciples/milestone4/milestone-4-new/Cli_28/target/test-classes:/Users/sanjitkumar/personal_projects/CollegeIllinois/SoftwareEngineeringPrinciples/milestone4/milestone-4-new/Cli_28/target/classes:/Users/sanjitkumar/.m2/repository/junit/junit/3.8.2/junit-3.8.2.jar:/Users/sanjitkumar/.m2/repository/junit-addons/junit-addons/1.4/junit-addons-1.4.jar:/Users/sanjitkumar/.m2/repository/org/openclover/clover/4.5.2/clover-4.5.2.jar:/var/folders/q_/q9vzn1hs6pqdw0s9wlgsgybw0000gn/T/grover8152197911609875590.jar:"/>
    <property name="java.vm.vendor" value="Oracle Corporation"/>
    <property name="sun.arch.data.model" value="64"/>
    <property name="java.vendor.url" value="http://java.oracle.com/"/>
    <property name="user.timezone" value=""/>
    <property name="java.vm.specification.version" value="1.8"/>
    <property name="os.name" value="Mac OS X"/>
    <property name="user.country" value="US"/>
    <property name="sun.java.launcher" value="SUN_STANDARD"/>
    <property name="sun.boot.library.path" value="/Library/Java/JavaVirtualMachines/jdk1.8.0_181.jdk/Contents/Home/jre/lib"/>
    <property name="sun.java.command" value="/Users/sanjitkumar/personal_projects/CollegeIllinois/SoftwareEngineeringPrinciples/milestone4/milestone-4-new/Cli_28/target/surefire/surefirebooter-20240430185311834_3.jar /Users/sanjitkumar/personal_projects/CollegeIllinois/SoftwareEngineeringPrinciples/milestone4/milestone-4-new/Cli_28/target/surefire 2024-04-30T18-53-11_521-jvmRun1 surefire-20240430185311834_1tmp surefire_0-20240430185311834_2tmp"/>
    <property name="http.nonProxyHosts" value="local|*.local|169.254/16|*.169.254/16"/>
    <property name="surefire.test.class.path" value="/Users/sanjitkumar/personal_projects/CollegeIllinois/SoftwareEngineeringPrinciples/milestone4/milestone-4-new/Cli_28/target/test-classes:/Users/sanjitkumar/personal_projects/CollegeIllinois/SoftwareEngineeringPrinciples/milestone4/milestone-4-new/Cli_28/target/classes:/Users/sanjitkumar/.m2/repository/junit/junit/3.8.2/junit-3.8.2.jar:/Users/sanjitkumar/.m2/repository/junit-addons/junit-addons/1.4/junit-addons-1.4.jar:/Users/sanjitkumar/.m2/repository/org/openclover/clover/4.5.2/clover-4.5.2.jar:/var/folders/q_/q9vzn1hs6pqdw0s9wlgsgybw0000gn/T/grover8152197911609875590.jar:"/>
    <property name="sun.cpu.endian" value="little"/>
    <property name="user.home" value="/Users/sanjitkumar"/>
    <property name="user.language" value="en"/>
    <property name="java.specification.vendor" value="Oracle Corporation"/>
    <property name="java.home" value="/Library/Java/JavaVirtualMachines/jdk1.8.0_181.jdk/Contents/Home/jre"/>
    <property name="basedir" value="/Users/sanjitkumar/personal_projects/CollegeIllinois/SoftwareEngineeringPrinciples/milestone4/milestone-4-new/Cli_28"/>
    <property name="file.separator" value="/"/>
    <property name="checkstyle.skip" value="trueÂ --fail-never"/>
    <property name="line.separator" value="&#10;"/>
    <property name="java.vm.specification.vendor" value="Oracle Corporation"/>
    <property name="java.specification.name" value="Java Platform API Specification"/>
    <property name="java.awt.graphicsenv" value="sun.awt.CGraphicsEnvironment"/>
    <property name="surefire.real.class.path" value="/Users/sanjitkumar/personal_projects/CollegeIllinois/SoftwareEngineeringPrinciples/milestone4/milestone-4-new/Cli_28/target/surefire/surefirebooter-20240430185311834_3.jar"/>
    <property name="sun.boot.class.path" value="/Library/Java/JavaVirtualMachines/jdk1.8.0_181.jdk/Contents/Home/jre/lib/resources.jar:/Library/Java/JavaVirtualMachines/jdk1.8.0_181.jdk/Contents/Home/jre/lib/rt.jar:/Library/Java/JavaVirtualMachines/jdk1.8.0_181.jdk/Contents/Home/jre/lib/sunrsasign.jar:/Library/Java/JavaVirtualMachines/jdk1.8.0_181.jdk/Contents/Home/jre/lib/jsse.jar:/Library/Java/JavaVirtualMachines/jdk1.8.0_181.jdk/Contents/Home/jre/lib/jce.jar:/Library/Java/JavaVirtualMachines/jdk1.8.0_181.jdk/Contents/Home/jre/lib/charsets.jar:/Library/Java/JavaVirtualMachines/jdk1.8.0_181.jdk/Contents/Home/jre/lib/jfr.jar:/Library/Java/JavaVirtualMachines/jdk1.8.0_181.jdk/Contents/Home/jre/classes"/>
    <property name="sun.management.compiler" value="HotSpot 64-Bit Tiered Compilers"/>
    <property name="ftp.nonProxyHosts" value="local|*.local|169.254/16|*.169.254/16"/>
    <property name="java.runtime.version" value="1.8.0_181-b13"/>
    <property name="user.name" value="sanjitkumar"/>
    <property name="path.separator" value=":"/>
    <property name="os.version" value="10.16"/>
    <property name="java.endorsed.dirs" value="/Library/Java/JavaVirtualMachines/jdk1.8.0_181.jdk/Contents/Home/jre/lib/endorsed"/>
    <property name="java.runtime.name" value="Java(TM) SE Runtime Environment"/>
    <property name="file.encoding" value="UTF-8"/>
    <property name="java.vm.name" value="Java HotSpot(TM) 64-Bit Server VM"/>
    <property name="localRepository" value="/Users/sanjitkumar/.m2/repository"/>
    <property name="java.vendor.url.bug" value="http://bugreport.sun.com/bugreport/"/>
    <property name="java.io.tmpdir" value="/var/folders/q_/q9vzn1hs6pqdw0s9wlgsgybw0000gn/T/"/>
    <property name="java.version" value="1.8.0_181"/>
    <property name="user.dir" value="/Users/sanjitkumar/personal_projects/CollegeIllinois/SoftwareEngineeringPrinciples/milestone4/milestone-4-new/Cli_28"/>
    <property name="os.arch" value="x86_64"/>
    <property name="java.vm.specification.name" value="Java Virtual Machine Specification"/>
    <property name="java.awt.printerjob" value="sun.lwawt.macosx.CPrinterJob"/>
    <property name="sun.os.patch.level" value="unknown"/>
    <property name="java.library.path" value="/Users/sanjitkumar/Library/Java/Extensions:/Library/Java/Extensions:/Network/Library/Java/Extensions:/System/Library/Java/Extensions:/usr/lib/java:."/>
    <property name="java.vm.info" value="mixed mode"/>
    <property name="java.vendor" value="Oracle Corporation"/>
    <property name="java.vm.version" value="25.181-b13"/>
    <property name="java.ext.dirs" value="/Users/sanjitkumar/Library/Java/Extensions:/Library/Java/JavaVirtualMachines/jdk1.8.0_181.jdk/Contents/Home/jre/lib/ext:/Library/Java/Extensions:/Network/Library/Java/Extensions:/System/Library/Java/Extensions:/usr/lib/java"/>
    <property name="sun.io.unicode.encoding" value="UnicodeBig"/>
    <property name="java.class.version" value="52.0"/>
    <property name="socksNonProxyHosts" value="local|*.local|169.254/16|*.169.254/16"/>
  </properties>
  <testcase name="testShortNoArg" classname="org.apache.commons.cli.ValueTest" time="0.001"/>
  <testcase name="testShortWithArg" classname="org.apache.commons.cli.ValueTest" time="0.001"/>
  <testcase name="testLongNoArg" classname="org.apache.commons.cli.ValueTest" time="0.001"/>
  <testcase name="testLongWithArg" classname="org.apache.commons.cli.ValueTest" time="0.005"/>
  <testcase name="testLongOptionalNoValue" classname="org.apache.commons.cli.ValueTest" time="0"/>
  <testcase name="testLongOptionalArgValue" classname="org.apache.commons.cli.ValueTest" time="0"/>
  <testcase name="testPropertyOptionFlags" classname="org.apache.commons.cli.ValueTest" time="0.014">
    <failure type="junit.framework.AssertionFailedError"><![CDATA[junit.framework.AssertionFailedError
	at junit.framework.Assert.fail(Assert.java:47)
	at junit.framework.Assert.assertTrue(Assert.java:20)
	at junit.framework.Assert.assertTrue(Assert.java:27)
	at org.apache.commons.cli.ValueTest.__CLR4_5_2vt3w1e2hg(ValueTest.java:215)
	at org.apache.commons.cli.ValueTest.testPropertyOptionFlags(ValueTest.java:193)
	at sun.reflect.NativeMethodAccessorImpl.invoke0(Native Method)
	at sun.reflect.NativeMethodAccessorImpl.invoke(NativeMethodAccessorImpl.java:62)
	at sun.reflect.DelegatingMethodAccessorImpl.invoke(DelegatingMethodAccessorImpl.java:43)
	at java.lang.reflect.Method.invoke(Method.java:498)
	at junit.framework.TestCase.runTest(TestCase.java:164)
	at junit.framework.TestCase.runBare(TestCase.java:130)
	at junit.framework.TestResult$1.protect(TestResult.java:106)
	at junit.framework.TestResult.runProtected(TestResult.java:124)
	at junit.framework.TestResult.run(TestResult.java:109)
	at junit.framework.TestCase.run(TestCase.java:120)
	at junit.framework.TestSuite.runTest(TestSuite.java:230)
	at junit.framework.TestSuite.run(TestSuite.java:225)
	at sun.reflect.GeneratedMethodAccessor2.invoke(Unknown Source)
	at sun.reflect.DelegatingMethodAccessorImpl.invoke(DelegatingMethodAccessorImpl.java:43)
	at java.lang.reflect.Method.invoke(Method.java:498)
	at org.apache.maven.surefire.junit.JUnitTestSetExecutor.execute(JUnitTestSetExecutor.java:81)
	at org.apache.maven.surefire.junit.JUnit3Provider.executeTestSet(JUnit3Provider.java:131)
	at org.apache.maven.surefire.junit.JUnit3Provider.invoke(JUnit3Provider.java:93)
	at org.apache.maven.surefire.booter.ForkedBooter.runSuitesInProcess(ForkedBooter.java:385)
	at org.apache.maven.surefire.booter.ForkedBooter.execute(ForkedBooter.java:162)
	at org.apache.maven.surefire.booter.ForkedBooter.run(ForkedBooter.java:507)
	at org.apache.maven.surefire.booter.ForkedBooter.main(ForkedBooter.java:495)
]]></failure>
  </testcase>
  <testcase name="testShortOptionalArgNoValue" classname="org.apache.commons.cli.ValueTest" time="0.002"/>
  <testcase name="testShortOptionalArgValue" classname="org.apache.commons.cli.ValueTest" time="0.001"/>
  <testcase name="testShortOptionalArgValues" classname="org.apache.commons.cli.ValueTest" time="0.005"/>
  <testcase name="testLongOptionalArgValues" classname="org.apache.commons.cli.ValueTest" time="0.001"/>
  <testcase name="testShortOptionalNArgValues" classname="org.apache.commons.cli.ValueTest" time="0.001"/>
  <testcase name="testLongOptionalNArgValues" classname="org.apache.commons.cli.ValueTest" time="0"/>
  <testcase name="testPropertyOptionSingularValue" classname="org.apache.commons.cli.ValueTest" time="0.001"/>
  <testcase name="testPropertyOptionMultipleValues" classname="org.apache.commons.cli.ValueTest" time="0"/>
  <testcase name="testPropertyOverrideValues" classname="org.apache.commons.cli.ValueTest" time="0.005"/>
</testsuite>