<?xml version="1.0" encoding="UTF-8"?>
<testsuite xmlns:xsi="http://www.w3.org/2001/XMLSchema-instance" xsi:noNamespaceSchemaLocation="https://maven.apache.org/surefire/maven-surefire-plugin/xsd/surefire-test-report-3.0.xsd" version="3.0" name="org.apache.commons.cli.ApplicationTest" time="0.001" tests="4" errors="0" skipped="0" failures="0">
  <properties>
    <property name="gopherProxySet" value="false"/>
    <property name="awt.toolkit" value="sun.lwawt.macosx.LWCToolkit"/>
    <property name="file.encoding.pkg" value="sun.io"/>
    <property name="java.specification.version" value="1.8"/>
    <property name="sun.cpu.isalist" value=""/>
    <property name="sun.jnu.encoding" value="UTF-8"/>
    <property name="java.class.path" value="/Users/sanjitkumar/personal_projects/CollegeIllinois/SoftwareEngineeringPrinciples/milestone4/milestone-4-new/Cli_26/target/test-classes:/Users/sanjitkumar/personal_projects/CollegeIllinois/SoftwareEngineeringPrinciples/milestone4/milestone-4-new/Cli_26/target/classes:/Users/sanjitkumar/.m2/repository/junit/junit/3.8.1/junit-3.8.1.jar:/Users/sanjitkumar/.m2/repository/org/openclover/clover/4.5.2/clover-4.5.2.jar:/var/folders/q_/q9vzn1hs6pqdw0s9wlgsgybw0000gn/T/grover744415359059944623.jar:"/>
    <property name="java.vm.vendor" value="Oracle Corporation"/>
    <property name="sun.arch.data.model" value="64"/>
    <property name="java.vendor.url" value="http://java.oracle.com/"/>
    <property name="user.timezone" value=""/>
    <property name="java.vm.specification.version" value="1.8"/>
    <property name="os.name" value="Mac OS X"/>
    <property name="user.country" value="US"/>
    <property name="sun.java.launcher" value="SUN_STANDARD"/>
    <property name="sun.boot.library.path" value="/Library/Java/JavaVirtualMachines/jdk1.8.0_181.jdk/Contents/Home/jre/lib"/>
    <property name="sun.java.command" value="/Users/sanjitkumar/personal_projects/CollegeIllinois/SoftwareEngineeringPrinciples/milestone4/milestone-4-new/Cli_26/target/surefire/surefirebooter-20240430185220577_3.jar /Users/sanjitkumar/personal_projects/CollegeIllinois/SoftwareEngineeringPrinciples/milestone4/milestone-4-new/Cli_26/target/surefire 2024-04-30T18-52-20_393-jvmRun1 surefire-20240430185220577_1tmp surefire_0-20240430185220577_2tmp"/>
    <property name="http.nonProxyHosts" value="local|*.local|169.254/16|*.169.254/16"/>
    <property name="surefire.test.class.path" value="/Users/sanjitkumar/personal_projects/CollegeIllinois/SoftwareEngineeringPrinciples/milestone4/milestone-4-new/Cli_26/target/test-classes:/Users/sanjitkumar/personal_projects/CollegeIllinois/SoftwareEngineeringPrinciples/milestone4/milestone-4-new/Cli_26/target/classes:/Users/sanjitkumar/.m2/repository/junit/junit/3.8.1/junit-3.8.1.jar:/Users/sanjitkumar/.m2/repository/org/openclover/clover/4.5.2/clover-4.5.2.jar:/var/folders/q_/q9vzn1hs6pqdw0s9wlgsgybw0000gn/T/grover744415359059944623.jar:"/>
    <property name="sun.cpu.endian" value="little"/>
    <property name="user.home" value="/Users/sanjitkumar"/>
    <property name="user.language" value="en"/>
    <property name="java.specification.vendor" value="Oracle Corporation"/>
    <property name="java.home" value="/Library/Java/JavaVirtualMachines/jdk1.8.0_181.jdk/Contents/Home/jre"/>
    <property name="basedir" value="/Users/sanjitkumar/personal_projects/CollegeIllinois/SoftwareEngineeringPrinciples/milestone4/milestone-4-new/Cli_26"/>
    <property name="file.separator" value="/"/>
    <property name="checkstyle.skip" value="trueÂ --fail-never"/>
    <property name="line.separator" value="&#10;"/>
    <property name="java.vm.specification.vendor" value="Oracle Corporation"/>
    <property name="java.specification.name" value="Java Platform API Specification"/>
    <property name="java.awt.graphicsenv" value="sun.awt.CGraphicsEnvironment"/>
    <property name="surefire.real.class.path" value="/Users/sanjitkumar/personal_projects/CollegeIllinois/SoftwareEngineeringPrinciples/milestone4/milestone-4-new/Cli_26/target/surefire/surefirebooter-20240430185220577_3.jar"/>
    <property name="sun.boot.class.path" value="/Library/Java/JavaVirtualMachines/jdk1.8.0_181.jdk/Contents/Home/jre/lib/resources.jar:/Library/Java/JavaVirtualMachines/jdk1.8.0_181.jdk/Contents/Home/jre/lib/rt.jar:/Library/Java/JavaVirtualMachines/jdk1.8.0_181.jdk/Contents/Home/jre/lib/sunrsasign.jar:/Library/Java/JavaVirtualMachines/jdk1.8.0_181.jdk/Contents/Home/jre/lib/jsse.jar:/Library/Java/JavaVirtualMachines/jdk1.8.0_181.jdk/Contents/Home/jre/lib/jce.jar:/Library/Java/JavaVirtualMachines/jdk1.8.0_181.jdk/Contents/Home/jre/lib/charsets.jar:/Library/Java/JavaVirtualMachines/jdk1.8.0_181.jdk/Contents/Home/jre/lib/jfr.jar:/Library/Java/JavaVirtualMachines/jdk1.8.0_181.jdk/Contents/Home/jre/classes"/>
    <property name="sun.management.compiler" value="HotSpot 64-Bit Tiered Compilers"/>
    <property name="ftp.nonProxyHosts" value="local|*.local|169.254/16|*.169.254/16"/>
    <property name="java.runtime.version" value="1.8.0_181-b13"/>
    <property name="user.name" value="sanjitkumar"/>
    <property name="path.separator" value=":"/>
    <property name="os.version" value="10.16"/>
    <property name="java.endorsed.dirs" value="/Library/Java/JavaVirtualMachines/jdk1.8.0_181.jdk/Contents/Home/jre/lib/endorsed"/>
    <property name="java.runtime.name" value="Java(TM) SE Runtime Environment"/>
    <property name="file.encoding" value="UTF-8"/>
    <property name="java.vm.name" value="Java HotSpot(TM) 64-Bit Server VM"/>
    <property name="localRepository" value="/Users/sanjitkumar/.m2/repository"/>
    <property name="java.vendor.url.bug" value="http://bugreport.sun.com/bugreport/"/>
    <property name="java.io.tmpdir" value="/var/folders/q_/q9vzn1hs6pqdw0s9wlgsgybw0000gn/T/"/>
    <property name="java.version" value="1.8.0_181"/>
    <property name="user.dir" value="/Users/sanjitkumar/personal_projects/CollegeIllinois/SoftwareEngineeringPrinciples/milestone4/milestone-4-new/Cli_26"/>
    <property name="os.arch" value="x86_64"/>
    <property name="java.vm.specification.name" value="Java Virtual Machine Specification"/>
    <property name="java.awt.printerjob" value="sun.lwawt.macosx.CPrinterJob"/>
    <property name="sun.os.patch.level" value="unknown"/>
    <property name="java.library.path" value="/Users/sanjitkumar/Library/Java/Extensions:/Library/Java/Extensions:/Network/Library/Java/Extensions:/System/Library/Java/Extensions:/usr/lib/java:."/>
    <property name="java.vm.info" value="mixed mode"/>
    <property name="java.vendor" value="Oracle Corporation"/>
    <property name="java.vm.version" value="25.181-b13"/>
    <property name="java.ext.dirs" value="/Users/sanjitkumar/Library/Java/Extensions:/Library/Java/JavaVirtualMachines/jdk1.8.0_181.jdk/Contents/Home/jre/lib/ext:/Library/Java/Extensions:/Network/Library/Java/Extensions:/System/Library/Java/Extensions:/usr/lib/java"/>
    <property name="sun.io.unicode.encoding" value="UnicodeBig"/>
    <property name="java.class.version" value="52.0"/>
    <property name="socksNonProxyHosts" value="local|*.local|169.254/16|*.169.254/16"/>
  </properties>
  <testcase name="testGroovy" classname="org.apache.commons.cli.ApplicationTest" time="0"/>
  <testcase name="testLs" classname="org.apache.commons.cli.ApplicationTest" time="0"/>
  <testcase name="testMan" classname="org.apache.commons.cli.ApplicationTest" time="0">
    <system-out><![CDATA[usage: man [-c|-f|-k|-w|-tZT device] [-adlhu7V] [-Mpath]
           [-Ppager] [-Slist] [-msystem] [-pstring]
           [-Llocale] [-eextension] [section] page ...
 -7,--ascii                display ASCII translation or
                           certain latin1 chars.
 -a,--all                  find all matching manual pages.
 -c,--catman               used by catman to reformat out of
                           date cat pages.
 -d,--debug                emit debugging messages.
 -D,--default              reset all options to their
                           default values.
 -e,--extension            limit search to extension type
                           'extension'.
 -f,--whatis               equivalent to whatis.
 -h,--help                 show this usage message.
 -k,--apropos              equivalent to apropos.
 -l,--local-file           interpret 'page' argument(s) as
                           local filename(s)
 -L,--locale <arg>         define the locale for this
                           particular man search.
 -M,--manpath <arg>        set search path for manual pages
                           to 'path'.
 -m,--systems <arg>        search for man pages from other
                           unix system(s).
 -P,--pager <arg>          use program 'pager' to display
                           output.
 -p,--preprocessor <arg>   string indicates which
                           preprocessor to run.
                           e - [n]eqn  p - pic     t - tbl
                           g - grap    r - refer   v -
                           vgrind
 -r,--prompt <arg>         provide 'less' pager with prompt.
 -S,--sections <arg>       use colon separated section list.
 -t,--troff                use troff format pages.
 -T,--troff-device <arg>   use groff with selected device.
 -u,--update               force a cache consistency check.
 -V,--version              show version.
 -w,--location             print physical location of man
                           page(s).
 -Z,--ditroff              use groff with selected device.
]]></system-out>
  </testcase>
  <testcase name="testAnt" classname="org.apache.commons.cli.ApplicationTest" time="0"/>
</testsuite>