<?xml version="1.0" encoding="UTF-8"?>
<testsuite name="org.mockito.release.comparison.ZipComparatorTest" tests="2" skipped="0" failures="0" errors="0" timestamp="2024-04-03T02:34:35" hostname="wirelessprv-10-195-155-5.near.illinois.edu" time="0.043">
  <properties/>
  <testcase name="compares files" classname="org.mockito.release.comparison.ZipComparatorTest" time="0.018"/>
  <testcase name="detects not equal zips" classname="org.mockito.release.comparison.ZipComparatorTest" time="0.024"/>
  <system-out><![CDATA[]]></system-out>
  <system-err><![CDATA[]]></system-err>
</testsuite>
