<?xml version="1.0" encoding="UTF-8"?>
<testsuite name="org.mockito.release.git.DefaultGitAuthorTest" tests="2" skipped="0" failures="0" errors="0" timestamp="2024-04-03T02:34:35" hostname="wirelessprv-10-195-155-5.near.illinois.edu" time="0.013">
  <properties/>
  <testcase name="restores specific author" classname="org.mockito.release.git.DefaultGitAuthorTest" time="0.007"/>
  <testcase name="unsets author if not configured previously" classname="org.mockito.release.git.DefaultGitAuthorTest" time="0.004"/>
  <system-out><![CDATA[]]></system-out>
  <system-err><![CDATA[]]></system-err>
</testsuite>
