<?xml version="1.0" encoding="UTF-8"?>
<testsuite name="org.mockito.release.notes.vcs.DefaultContributionSetTest" tests="4" skipped="0" failures="0" errors="0" timestamp="2024-04-03T02:34:34" hostname="wirelessprv-10-195-155-5.near.illinois.edu" time="0.017">
  <properties/>
  <testcase name="empty contributions" classname="org.mockito.release.notes.vcs.DefaultContributionSetTest" time="0.009"/>
  <testcase name="contains referenced tickets" classname="org.mockito.release.notes.vcs.DefaultContributionSetTest" time="0.002"/>
  <testcase name="many contributions" classname="org.mockito.release.notes.vcs.DefaultContributionSetTest" time="0.001"/>
  <testcase name="ignores specific commits" classname="org.mockito.release.notes.vcs.DefaultContributionSetTest" time="0.003"/>
  <system-out><![CDATA[]]></system-out>
  <system-err><![CDATA[]]></system-err>
</testsuite>
