<?xml version="1.0" encoding="UTF-8"?>
<testsuite name="org.mockito.release.notes.improvements.DefaultImprovementsTest" tests="2" skipped="0" failures="0" errors="0" timestamp="2024-03-04T00:02:51" hostname="wirelessprv-10-195-155-5.near.illinois.edu" time="0.018">
  <properties/>
  <testcase name="empty improvements" classname="org.mockito.release.notes.improvements.DefaultImprovementsTest" time="0.013"/>
  <testcase name="with improvements" classname="org.mockito.release.notes.improvements.DefaultImprovementsTest" time="0.005"/>
  <system-out><![CDATA[]]></system-out>
  <system-err><![CDATA[]]></system-err>
</testsuite>
