<?xml version="1.0" encoding="UTF-8"?>
<testsuite name="org.mockito.release.notes.vcs.DefaultContributionSetTest" tests="4" skipped="0" failures="0" errors="0" timestamp="2024-03-04T00:06:37" hostname="wirelessprv-10-195-155-5.near.illinois.edu" time="0.01">
  <properties/>
  <testcase name="empty contributions" classname="org.mockito.release.notes.vcs.DefaultContributionSetTest" time="0.007"/>
  <testcase name="contains referenced tickets" classname="org.mockito.release.notes.vcs.DefaultContributionSetTest" time="0.001"/>
  <testcase name="many contributions" classname="org.mockito.release.notes.vcs.DefaultContributionSetTest" time="0.0"/>
  <testcase name="ignores specific commits" classname="org.mockito.release.notes.vcs.DefaultContributionSetTest" time="0.001"/>
  <system-out><![CDATA[]]></system-out>
  <system-err><![CDATA[]]></system-err>
</testsuite>
