<?xml version="1.0" encoding="UTF-8"?>
<testsuite name="org.mockito.release.notes.exec.DefaultProcessRunnerTest" tests="1" skipped="0" failures="0" errors="0" timestamp="2024-03-04T00:06:37" hostname="wirelessprv-10-195-155-5.near.illinois.edu" time="0.113">
  <properties/>
  <testcase name="runs processes" classname="org.mockito.release.notes.exec.DefaultProcessRunnerTest" time="0.113"/>
  <system-out><![CDATA[16:06:38.033 [Test worker] INFO  o.m.r.n.exec.DefaultProcessRunner - Executing command: [ls]
]]></system-out>
  <system-err><![CDATA[]]></system-err>
</testsuite>
