<?xml version="1.0" encoding="UTF-8"?>
<testsuite name="org.mockito.release.notes.ImprovementSetTest" tests="2" skipped="0" failures="0" errors="0" timestamp="2024-04-03T02:15:27" hostname="wirelessprv-10-195-155-5.near.illinois.edu" time="0.229">
  <properties/>
  <testcase name="renders improvements" classname="org.mockito.release.notes.ImprovementSetTest" time="0.186"/>
  <testcase name="filters out improvements by pattern" classname="org.mockito.release.notes.ImprovementSetTest" time="0.042"/>
  <system-out><![CDATA[]]></system-out>
  <system-err><![CDATA[]]></system-err>
</testsuite>
